# JRE version: OpenJDK Runtime Environment (8.0_242-b01) (build 1.8.0_242-release-1644-b01)
# Java VM: OpenJDK 64-Bit Server VM (25.242-b01 mixed mode windows-amd64 compressed oops)
Heap:
 PSYoungGen      total 379392K, used 196283K [0x00000000e0000000, 0x00000000f8900000, 0x0000000100000000)
  eden space 359424K, 52% used [0x00000000e0000000,0x00000000eb7d8270,0x00000000f5f00000)
  from space 19968K, 40% used [0x00000000f7580000,0x00000000f7d56ac8,0x00000000f8900000)
  to   space 21504K, 0% used [0x00000000f5f00000,0x00000000f5f00000,0x00000000f7400000)
 ParOldGen       total 156672K, used 69076K [0x00000000a0000000, 0x00000000a9900000, 0x00000000e0000000)
  object space 156672K, 44% used [0x00000000a0000000,0x00000000a4375080,0x00000000a9900000)
 Metaspace       used 106428K, capacity 110768K, committed 110976K, reserved 1146880K
  class space    used 13575K, capacity 14444K, committed 14464K, reserved 1048576K
GC Heap History (10 events):
Event: 234.639 GC heap before
{Heap before GC invocations=36 (full 3):
 PSYoungGen      total 274432K, used 42965K [0x00000000e0000000, 0x00000000f2500000, 0x0000000100000000)
  eden space 249344K, 14% used [0x00000000e0000000,0x00000000e234c520,0x00000000ef380000)
  from space 25088K, 27% used [0x00000000f0b80000,0x00000000f12291d0,0x00000000f2400000)
  to   space 24576K, 0% used [0x00000000ef380000,0x00000000ef380000,0x00000000f0b80000)
 ParOldGen       total 115712K, used 70551K [0x00000000a0000000, 0x00000000a7100000, 0x00000000e0000000)
  object space 115712K, 60% used [0x00000000a0000000,0x00000000a44e5d48,0x00000000a7100000)
 Metaspace       used 94586K, capacity 98462K, committed 98560K, reserved 1134592K
  class space    used 12193K, capacity 12919K, committed 12928K, reserved 1048576K
Event: 234.703 GC heap after
Heap after GC invocations=36 (full 3):
 PSYoungGen      total 273920K, used 4572K [0x00000000e0000000, 0x00000000f5a00000, 0x0000000100000000)
  eden space 249344K, 0% used [0x00000000e0000000,0x00000000e0000000,0x00000000ef380000)
  from space 24576K, 18% used [0x00000000ef380000,0x00000000ef7f7098,0x00000000f0b80000)
  to   space 24064K, 0% used [0x00000000f4280000,0x00000000f4280000,0x00000000f5a00000)
 ParOldGen       total 115712K, used 73152K [0x00000000a0000000, 0x00000000a7100000, 0x00000000e0000000)
  object space 115712K, 63% used [0x00000000a0000000,0x00000000a4770380,0x00000000a7100000)
 Metaspace       used 94586K, capacity 98462K, committed 98560K, reserved 1134592K
  class space    used 12193K, capacity 12919K, committed 12928K, reserved 1048576K
}
Event: 234.704 GC heap before
{Heap before GC invocations=37 (full 4):
 PSYoungGen      total 273920K, used 4572K [0x00000000e0000000, 0x00000000f5a00000, 0x0000000100000000)
  eden space 249344K, 0% used [0x00000000e0000000,0x00000000e0000000,0x00000000ef380000)
  from space 24576K, 18% used [0x00000000ef380000,0x00000000ef7f7098,0x00000000f0b80000)
  to   space 24064K, 0% used [0x00000000f4280000,0x00000000f4280000,0x00000000f5a00000)
 ParOldGen       total 115712K, used 73152K [0x00000000a0000000, 0x00000000a7100000, 0x00000000e0000000)
  object space 115712K, 63% used [0x00000000a0000000,0x00000000a4770380,0x00000000a7100000)
 Metaspace       used 94586K, capacity 98462K, committed 98560K, reserved 1134592K
  class space    used 12193K, capacity 12919K, committed 12928K, reserved 1048576K
Event: 238.664 GC heap after
Heap after GC invocations=37 (full 4):
 PSYoungGen      total 273920K, used 0K [0x00000000e0000000, 0x00000000f5a00000, 0x0000000100000000)
  eden space 249344K, 0% used [0x00000000e0000000,0x00000000e0000000,0x00000000ef380000)
  from space 24576K, 0% used [0x00000000ef380000,0x00000000ef380000,0x00000000f0b80000)
  to   space 24064K, 0% used [0x00000000f4280000,0x00000000f4280000,0x00000000f5a00000)
 ParOldGen       total 156672K, used 61970K [0x00000000a0000000, 0x00000000a9900000, 0x00000000e0000000)
  object space 156672K, 39% used [0x00000000a0000000,0x00000000a3c84890,0x00000000a9900000)
 Metaspace       used 94436K, capacity 98030K, committed 98560K, reserved 1134592K
  class space    used 12143K, capacity 12831K, committed 12928K, reserved 1048576K
}
Event: 242.224 GC heap before
{Heap before GC invocations=38 (full 4):
 PSYoungGen      total 273920K, used 249344K [0x00000000e0000000, 0x00000000f5a00000, 0x0000000100000000)
  eden space 249344K, 100% used [0x00000000e0000000,0x00000000ef380000,0x00000000ef380000)
  from space 24576K, 0% used [0x00000000ef380000,0x00000000ef380000,0x00000000f0b80000)
  to   space 24064K, 0% used [0x00000000f4280000,0x00000000f4280000,0x00000000f5a00000)
 ParOldGen       total 156672K, used 61972K [0x00000000a0000000, 0x00000000a9900000, 0x00000000e0000000)
  object space 156672K, 39% used [0x00000000a0000000,0x00000000a3c85098,0x00000000a9900000)
 Metaspace       used 102533K, capacity 106626K, committed 106752K, reserved 1142784K
  class space    used 13231K, capacity 14023K, committed 14080K, reserved 1048576K
Event: 242.259 GC heap after
Heap after GC invocations=38 (full 4):
 PSYoungGen      total 317952K, used 6921K [0x00000000e0000000, 0x00000000f5380000, 0x0000000100000000)
  eden space 300544K, 0% used [0x00000000e0000000,0x00000000e0000000,0x00000000f2580000)
  from space 17408K, 39% used [0x00000000f4280000,0x00000000f4942640,0x00000000f5380000)
  to   space 23552K, 0% used [0x00000000f2580000,0x00000000f2580000,0x00000000f3c80000)
 ParOldGen       total 156672K, used 61980K [0x00000000a0000000, 0x00000000a9900000, 0x00000000e0000000)
  object space 156672K, 39% used [0x00000000a0000000,0x00000000a3c87098,0x00000000a9900000)
 Metaspace       used 102533K, capacity 106626K, committed 106752K, reserved 1142784K
  class space    used 13231K, capacity 14023K, committed 14080K, reserved 1048576K
}
Event: 246.953 GC heap before
{Heap before GC invocations=39 (full 4):
 PSYoungGen      total 317952K, used 307465K [0x00000000e0000000, 0x00000000f5380000, 0x0000000100000000)
  eden space 300544K, 100% used [0x00000000e0000000,0x00000000f2580000,0x00000000f2580000)
  from space 17408K, 39% used [0x00000000f4280000,0x00000000f4942640,0x00000000f5380000)
  to   space 23552K, 0% used [0x00000000f2580000,0x00000000f2580000,0x00000000f3c80000)
 ParOldGen       total 156672K, used 61980K [0x00000000a0000000, 0x00000000a9900000, 0x00000000e0000000)
  object space 156672K, 39% used [0x00000000a0000000,0x00000000a3c87098,0x00000000a9900000)
 Metaspace       used 105882K, capacity 110104K, committed 110464K, reserved 1144832K
  class space    used 13514K, capacity 14352K, committed 14464K, reserved 1048576K
Event: 247.025 GC heap after
Heap after GC invocations=39 (full 4):
 PSYoungGen      total 324096K, used 10518K [0x00000000e0000000, 0x00000000f8b80000, 0x0000000100000000)
  eden space 300544K, 0% used [0x00000000e0000000,0x00000000e0000000,0x00000000f2580000)
  from space 23552K, 44% used [0x00000000f2580000,0x00000000f2fc5b98,0x00000000f3c80000)
  to   space 22528K, 0% used [0x00000000f7580000,0x00000000f7580000,0x00000000f8b80000)
 ParOldGen       total 156672K, used 65419K [0x00000000a0000000, 0x00000000a9900000, 0x00000000e0000000)
  object space 156672K, 41% used [0x00000000a0000000,0x00000000a3fe2e98,0x00000000a9900000)
 Metaspace       used 105882K, capacity 110104K, committed 110464K, reserved 1144832K
  class space    used 13514K, capacity 14352K, committed 14464K, reserved 1048576K
}
Event: 248.904 GC heap before
{Heap before GC invocations=40 (full 4):
 PSYoungGen      total 324096K, used 311062K [0x00000000e0000000, 0x00000000f8b80000, 0x0000000100000000)
  eden space 300544K, 100% used [0x00000000e0000000,0x00000000f2580000,0x00000000f2580000)
  from space 23552K, 44% used [0x00000000f2580000,0x00000000f2fc5b98,0x00000000f3c80000)
  to   space 22528K, 0% used [0x00000000f7580000,0x00000000f7580000,0x00000000f8b80000)
 ParOldGen       total 156672K, used 65419K [0x00000000a0000000, 0x00000000a9900000, 0x00000000e0000000)
  object space 156672K, 41% used [0x00000000a0000000,0x00000000a3fe2e98,0x00000000a9900000)
 Metaspace       used 106332K, capacity 110668K, committed 110720K, reserved 1144832K
  class space    used 13574K, capacity 14412K, committed 14464K, reserved 1048576K
Event: 248.958 GC heap after
Heap after GC invocations=40 (full 4):
 PSYoungGen      total 379392K, used 8026K [0x00000000e0000000, 0x00000000f8900000, 0x0000000100000000)
  eden space 359424K, 0% used [0x00000000e0000000,0x00000000e0000000,0x00000000f5f00000)
  from space 19968K, 40% used [0x00000000f7580000,0x00000000f7d56ac8,0x00000000f8900000)
  to   space 21504K, 0% used [0x00000000f5f00000,0x00000000f5f00000,0x00000000f7400000)
 ParOldGen       total 156672K, used 69076K [0x00000000a0000000, 0x00000000a9900000, 0x00000000e0000000)
  object space 156672K, 44% used [0x00000000a0000000,0x00000000a4375080,0x00000000a9900000)
 Metaspace       used 106332K, capacity 110668K, committed 110720K, reserved 1144832K
  class space    used 13574K, capacity 14412K, committed 14464K, reserved 1048576K
}

